<?xml version="1.0" encoding="UTF-8"?>
<!-- Generated by org.testng.reporters.JUnitReportReporter -->
<testsuite hostname="URNA" failures="0" tests="1" name="test.prac_1" time="4.628" errors="0" timestamp="2025-06-08T22:27:38 IST" skipped="0">
  <testcase classname="test.prac_1" name="action" time="4.628"/>
</testsuite> <!-- test.prac_1 -->
